This file contains any messages produced by compilers while
running configure, to aid debugging if configure makes a mistake.

It was created by configure, which was
generated by GNU Autoconf 2.61.  Invocation command line was

  $ ./configure 

## --------- ##
## Platform. ##
## --------- ##

hostname = linux-4z9m.site
uname -m = i686
uname -r = 3.1.9-1.4-desktop
uname -s = Linux
uname -v = #1 SMP PREEMPT Fri Jan 27 08:55:10 UTC 2012 (efb5ff4)

/usr/bin/uname -p = unknown
/bin/uname -X     = unknown

/bin/arch              = i686
/usr/bin/arch -k       = unknown
/usr/convex/getsysinfo = unknown
/usr/bin/hostinfo      = unknown
/bin/machine           = unknown
/usr/bin/oslevel       = unknown
/bin/universe          = unknown

PATH: /usr/lib/mpi/gcc/openmpi/bin
PATH: /home/jing/bin
PATH: /usr/local/bin
PATH: /usr/bin
PATH: /bin
PATH: /usr/bin/X11
PATH: /usr/X11R6/bin
PATH: /usr/games
PATH: /usr/lib/jvm/jre/bin


## ----------- ##
## Core tests. ##
## ----------- ##

configure:1620: loading site script /usr/share/site/i686-pc-linux-gnu
| #!/bin/sh
| # Site script for configure. It is resourced via \$CONFIG_SITE environment varaible.
| 
| # If user did not specify libexecdir, guess the correct target:
| # Nor FHS nor openSUSE allow prefix/libexec. Let's default to prefix/lib.
| 
| libexecdir='${exec_prefix}/lib'
| 
| # Continue with the standard behavior of configure defined in AC_SITE_LOAD:
| if test "x$prefix" != xNONE; then
| 	ac_site_file1=$prefix/share/config.site
| 	ac_site_file2=$prefix/etc/config.site
| else
| 	ac_site_file1=$ac_default_prefix/share/config.site
| 	ac_site_file2=$ac_default_prefix/etc/config.site
| fi
| for ac_site_file in "$ac_site_file1" "$ac_site_file2"
| do
| 	test "x$ac_site_file" = xNONE && continue
| 	if test /dev/null != "$ac_site_file" && test -r "$ac_site_file"; then
| 		{ $as_echo "/usr/share/site/i686-pc-linux-gnu:${as_lineno-$LINENO}: loading site script $ac_site_file" >&5
| $as_echo "/usr/share/site/i686-pc-linux-gnu: loading site script $ac_site_file" >&6;}
| 		sed 's/^/| /' "$ac_site_file" >&5
| 		. "$ac_site_file" \
| 			|| { { $as_echo "/usr/share/site/i686-pc-linux-gnu:${as_lineno-$LINENO}: error: in \`$ac_pwd':" >&5
| $as_echo "/usr/share/site/i686-pc-linux-gnu: error: in \`$ac_pwd':" >&2;}
| as_fn_error $? "failed to load site script $ac_site_file
| See \`config.log' for more details" "$LINENO" 5; }
| 	fi
| done
configure:1835: checking for gcc
configure:1851: found /usr/bin/gcc
configure:1862: result: gcc
configure:2100: checking for C compiler version
configure:2107: gcc --version >&5
gcc (SUSE Linux) 4.6.2
Copyright (C) 2011 Free Software Foundation, Inc.
This is free software; see the source for copying conditions.  There is NO
warranty; not even for MERCHANTABILITY or FITNESS FOR A PARTICULAR PURPOSE.

configure:2110: $? = 0
configure:2117: gcc -v >&5
Using built-in specs.
COLLECT_GCC=gcc
COLLECT_LTO_WRAPPER=/usr/lib/gcc/i586-suse-linux/4.6/lto-wrapper
Target: i586-suse-linux
Configured with: ../configure --prefix=/usr --infodir=/usr/share/info --mandir=/usr/share/man --libdir=/usr/lib --libexecdir=/usr/lib --enable-languages=c,c++,objc,fortran,obj-c++,java,ada --enable-checking=release --with-gxx-include-dir=/usr/include/c++/4.6 --enable-ssp --disable-libssp --disable-plugin --with-bugurl=http://bugs.opensuse.org/ --with-pkgversion='SUSE Linux' --disable-libgcj --disable-libmudflap --with-slibdir=/lib --with-system-zlib --enable-__cxa_atexit --enable-libstdcxx-allocator=new --disable-libstdcxx-pch --enable-version-specific-runtime-libs --program-suffix=-4.6 --enable-linux-futex --without-system-libunwind --with-arch-32=i586 --with-tune=generic --build=i586-suse-linux
Thread model: posix
gcc version 4.6.2 (SUSE Linux) 
configure:2120: $? = 0
configure:2127: gcc -V >&5
gcc: error: unrecognized option '-V'
gcc: fatal error: no input files
compilation terminated.
configure:2130: $? = 1
configure:2153: checking for C compiler default output file name
configure:2180: gcc    conftest.c  >&5
configure:2183: $? = 0
configure:2221: result: a.out
configure:2238: checking whether the C compiler works
configure:2248: ./a.out
configure:2251: $? = 0
configure:2268: result: yes
configure:2275: checking whether we are cross compiling
configure:2277: result: no
configure:2280: checking for suffix of executables
configure:2287: gcc -o conftest    conftest.c  >&5
configure:2290: $? = 0
configure:2314: result: 
configure:2320: checking for suffix of object files
configure:2346: gcc -c   conftest.c >&5
configure:2349: $? = 0
configure:2372: result: o
configure:2376: checking whether we are using the GNU C compiler
configure:2405: gcc -c   conftest.c >&5
configure:2411: $? = 0
configure:2428: result: yes
configure:2433: checking whether gcc accepts -g
configure:2463: gcc -c -g  conftest.c >&5
configure:2469: $? = 0
configure:2568: result: yes
configure:2585: checking for gcc option to accept ISO C89
configure:2659: gcc  -c   conftest.c >&5
configure:2665: $? = 0
configure:2688: result: none needed
configure:2764: checking for g++
configure:2794: result: no
configure:2764: checking for c++
configure:2794: result: no
configure:2764: checking for gpp
configure:2794: result: no
configure:2764: checking for aCC
configure:2794: result: no
configure:2764: checking for CC
configure:2794: result: no
configure:2764: checking for cxx
configure:2794: result: no
configure:2764: checking for cc++
configure:2794: result: no
configure:2764: checking for cl.exe
configure:2794: result: no
configure:2764: checking for FCC
configure:2794: result: no
configure:2764: checking for KCC
configure:2794: result: no
configure:2764: checking for RCC
configure:2794: result: no
configure:2764: checking for xlC_r
configure:2794: result: no
configure:2764: checking for xlC
configure:2794: result: no
configure:2822: checking for C++ compiler version
configure:2829: g++ --version >&5
./configure: line 2830: g++: command not found
configure:2832: $? = 127
configure:2839: g++ -v >&5
./configure: line 2840: g++: command not found
configure:2842: $? = 127
configure:2849: g++ -V >&5
./configure: line 2850: g++: command not found
configure:2852: $? = 127
configure:2855: checking whether we are using the GNU C++ compiler
configure:2884: g++ -c   conftest.cpp >&5
./configure: line 2885: g++: command not found
configure:2890: $? = 127
configure: failed program was:
| /* confdefs.h.  */
| #define PACKAGE_NAME ""
| #define PACKAGE_TARNAME ""
| #define PACKAGE_VERSION ""
| #define PACKAGE_STRING ""
| #define PACKAGE_BUGREPORT ""
| #define MXML_VERSION "Mini-XML v2.7"
| /* end confdefs.h.  */
| 
| int
| main ()
| {
| #ifndef __GNUC__
|        choke me
| #endif
| 
|   ;
|   return 0;
| }
configure:2907: result: no
configure:2912: checking whether g++ accepts -g
configure:2942: g++ -c -g  conftest.cpp >&5
./configure: line 2943: g++: command not found
configure:2948: $? = 127
configure: failed program was:
| /* confdefs.h.  */
| #define PACKAGE_NAME ""
| #define PACKAGE_TARNAME ""
| #define PACKAGE_VERSION ""
| #define PACKAGE_STRING ""
| #define PACKAGE_BUGREPORT ""
| #define MXML_VERSION "Mini-XML v2.7"
| /* end confdefs.h.  */
| 
| int
| main ()
| {
| 
|   ;
|   return 0;
| }
configure:2980: g++ -c   conftest.cpp >&5
./configure: line 2981: g++: command not found
configure:2986: $? = 127
configure: failed program was:
| /* confdefs.h.  */
| #define PACKAGE_NAME ""
| #define PACKAGE_TARNAME ""
| #define PACKAGE_VERSION ""
| #define PACKAGE_STRING ""
| #define PACKAGE_BUGREPORT ""
| #define MXML_VERSION "Mini-XML v2.7"
| /* end confdefs.h.  */
| 
| int
| main ()
| {
| 
|   ;
|   return 0;
| }
configure:3019: g++ -c -g  conftest.cpp >&5
./configure: line 3020: g++: command not found
configure:3025: $? = 127
configure: failed program was:
| /* confdefs.h.  */
| #define PACKAGE_NAME ""
| #define PACKAGE_TARNAME ""
| #define PACKAGE_VERSION ""
| #define PACKAGE_STRING ""
| #define PACKAGE_BUGREPORT ""
| #define MXML_VERSION "Mini-XML v2.7"
| /* end confdefs.h.  */
| 
| int
| main ()
| {
| 
|   ;
|   return 0;
| }
configure:3047: result: no
configure:3114: checking for a BSD-compatible install
configure:3170: result: /usr/bin/install -c
configure:3228: checking for ranlib
configure:3244: found /usr/bin/ranlib
configure:3255: result: ranlib
configure:3283: checking for ar
configure:3301: found /usr/bin/ar
configure:3313: result: /usr/bin/ar
configure:3323: checking for cp
configure:3341: found /bin/cp
configure:3353: result: /bin/cp
configure:3363: checking for ln
configure:3381: found /bin/ln
configure:3393: result: /bin/ln
configure:3403: checking for mkdir
configure:3421: found /bin/mkdir
configure:3433: result: /bin/mkdir
configure:3443: checking for rm
configure:3461: found /bin/rm
configure:3473: result: /bin/rm
configure:3494: checking for inline
configure:3520: gcc -c   conftest.c >&5
configure:3526: $? = 0
configure:3544: result: inline
configure:3569: checking for strdup
configure:3625: gcc -o conftest    conftest.c  >&5
conftest.c:32:6: warning: conflicting types for built-in function 'strdup' [enabled by default]
configure:3631: $? = 0
configure:3649: result: yes
configure:3667: checking for snprintf
configure:3723: gcc -o conftest    conftest.c  >&5
conftest.c:33:6: warning: conflicting types for built-in function 'snprintf' [enabled by default]
configure:3729: $? = 0
configure:3747: result: yes
configure:3667: checking for vsnprintf
configure:3723: gcc -o conftest    conftest.c  >&5
conftest.c:34:6: warning: conflicting types for built-in function 'vsnprintf' [enabled by default]
configure:3729: $? = 0
configure:3747: result: yes
configure:3759: checking for long long int
configure:3810: result: yes
configure:3836: checking how to run the C preprocessor
configure:3876: gcc -E  conftest.c
configure:3882: $? = 0
configure:3913: gcc -E  conftest.c
conftest.c:13:28: fatal error: ac_nonexistent.h: No such file or directory
compilation terminated.
configure:3919: $? = 1
configure: failed program was:
| /* confdefs.h.  */
| #define PACKAGE_NAME ""
| #define PACKAGE_TARNAME ""
| #define PACKAGE_VERSION ""
| #define PACKAGE_STRING ""
| #define PACKAGE_BUGREPORT ""
| #define MXML_VERSION "Mini-XML v2.7"
| #define HAVE_STRDUP 1
| #define HAVE_SNPRINTF 1
| #define HAVE_VSNPRINTF 1
| #define HAVE_LONG_LONG 1
| /* end confdefs.h.  */
| #include <ac_nonexistent.h>
configure:3952: result: gcc -E
configure:3981: gcc -E  conftest.c
configure:3987: $? = 0
configure:4018: gcc -E  conftest.c
conftest.c:13:28: fatal error: ac_nonexistent.h: No such file or directory
compilation terminated.
configure:4024: $? = 1
configure: failed program was:
| /* confdefs.h.  */
| #define PACKAGE_NAME ""
| #define PACKAGE_TARNAME ""
| #define PACKAGE_VERSION ""
| #define PACKAGE_STRING ""
| #define PACKAGE_BUGREPORT ""
| #define MXML_VERSION "Mini-XML v2.7"
| #define HAVE_STRDUP 1
| #define HAVE_SNPRINTF 1
| #define HAVE_VSNPRINTF 1
| #define HAVE_LONG_LONG 1
| /* end confdefs.h.  */
| #include <ac_nonexistent.h>
configure:4062: checking for grep that handles long lines and -e
configure:4136: result: /usr/bin/grep
configure:4141: checking for egrep
configure:4219: result: /usr/bin/grep -E
configure:4224: checking for ANSI C header files
configure:4254: gcc -c   conftest.c >&5
configure:4260: $? = 0
configure:4359: gcc -o conftest    conftest.c  >&5
configure:4362: $? = 0
configure:4368: ./conftest
configure:4371: $? = 0
configure:4388: result: yes
configure:4412: checking for sys/types.h
configure:4433: gcc -c   conftest.c >&5
configure:4439: $? = 0
configure:4455: result: yes
configure:4412: checking for sys/stat.h
configure:4433: gcc -c   conftest.c >&5
configure:4439: $? = 0
configure:4455: result: yes
configure:4412: checking for stdlib.h
configure:4433: gcc -c   conftest.c >&5
configure:4439: $? = 0
configure:4455: result: yes
configure:4412: checking for string.h
configure:4433: gcc -c   conftest.c >&5
configure:4439: $? = 0
configure:4455: result: yes
configure:4412: checking for memory.h
configure:4433: gcc -c   conftest.c >&5
configure:4439: $? = 0
configure:4455: result: yes
configure:4412: checking for strings.h
configure:4433: gcc -c   conftest.c >&5
configure:4439: $? = 0
configure:4455: result: yes
configure:4412: checking for inttypes.h
configure:4433: gcc -c   conftest.c >&5
configure:4439: $? = 0
configure:4455: result: yes
configure:4412: checking for stdint.h
configure:4433: gcc -c   conftest.c >&5
configure:4439: $? = 0
configure:4455: result: yes
configure:4412: checking for unistd.h
configure:4433: gcc -c   conftest.c >&5
configure:4439: $? = 0
configure:4455: result: yes
configure:4477: checking pthread.h usability
configure:4494: gcc -c   conftest.c >&5
configure:4500: $? = 0
configure:4514: result: yes
configure:4518: checking pthread.h presence
configure:4533: gcc -E  conftest.c
configure:4539: $? = 0
configure:4553: result: yes
configure:4581: checking for pthread.h
configure:4588: result: yes
configure:4603: checking for pthread_create using -lpthreads
configure:4628: gcc -o conftest    conftest.c -lpthreads  >&5
/usr/lib/gcc/i586-suse-linux/4.6/../../../../i586-suse-linux/bin/ld: cannot find -lpthreads
collect2: ld returned 1 exit status
configure:4634: $? = 1
configure: failed program was:
| /* confdefs.h.  */
| #define PACKAGE_NAME ""
| #define PACKAGE_TARNAME ""
| #define PACKAGE_VERSION ""
| #define PACKAGE_STRING ""
| #define PACKAGE_BUGREPORT ""
| #define MXML_VERSION "Mini-XML v2.7"
| #define HAVE_STRDUP 1
| #define HAVE_SNPRINTF 1
| #define HAVE_VSNPRINTF 1
| #define HAVE_LONG_LONG 1
| #define STDC_HEADERS 1
| #define HAVE_SYS_TYPES_H 1
| #define HAVE_SYS_STAT_H 1
| #define HAVE_STDLIB_H 1
| #define HAVE_STRING_H 1
| #define HAVE_MEMORY_H 1
| #define HAVE_STRINGS_H 1
| #define HAVE_INTTYPES_H 1
| #define HAVE_STDINT_H 1
| #define HAVE_UNISTD_H 1
| #define HAVE_PTHREAD_H 1
| /* end confdefs.h.  */
| #include <pthread.h>
| int
| main ()
| {
| pthread_create(0, 0, 0, 0);
|   ;
|   return 0;
| }
configure:4650: result: no
configure:4603: checking for pthread_create using -lpthread
configure:4628: gcc -o conftest    conftest.c -lpthread  >&5
configure:4634: $? = 0
configure:4650: result: yes
configure:4682: checking for shared library support
configure:4714: result: yes
configure:4952: creating ./config.status

## ---------------------- ##
## Running config.status. ##
## ---------------------- ##

This file was extended by config.status, which was
generated by GNU Autoconf 2.61.  Invocation command line was

  CONFIG_FILES    = 
  CONFIG_HEADERS  = 
  CONFIG_LINKS    = 
  CONFIG_COMMANDS = 
  $ ./config.status 

on linux-4z9m.site

config.status:618: creating Makefile
config.status:618: creating mxml.list
config.status:618: creating mxml.pc
config.status:618: creating config.h
config.status:842: config.h is unchanged

## ---------------- ##
## Cache variables. ##
## ---------------- ##

ac_cv_c_compiler_gnu=yes
ac_cv_c_inline=inline
ac_cv_c_long_long=yes
ac_cv_cxx_compiler_gnu=no
ac_cv_env_CCC_set=
ac_cv_env_CCC_value=
ac_cv_env_CC_set=
ac_cv_env_CC_value=
ac_cv_env_CFLAGS_set=
ac_cv_env_CFLAGS_value=
ac_cv_env_CPPFLAGS_set=
ac_cv_env_CPPFLAGS_value=
ac_cv_env_CPP_set=
ac_cv_env_CPP_value=
ac_cv_env_CXXFLAGS_set=
ac_cv_env_CXXFLAGS_value=
ac_cv_env_CXX_set=
ac_cv_env_CXX_value=
ac_cv_env_LDFLAGS_set=
ac_cv_env_LDFLAGS_value=
ac_cv_env_LIBS_set=
ac_cv_env_LIBS_value=
ac_cv_env_build_alias_set=
ac_cv_env_build_alias_value=
ac_cv_env_host_alias_set=
ac_cv_env_host_alias_value=
ac_cv_env_target_alias_set=
ac_cv_env_target_alias_value=
ac_cv_func_snprintf=yes
ac_cv_func_strdup=yes
ac_cv_func_vsnprintf=yes
ac_cv_header_inttypes_h=yes
ac_cv_header_memory_h=yes
ac_cv_header_pthread_h=yes
ac_cv_header_stdc=yes
ac_cv_header_stdint_h=yes
ac_cv_header_stdlib_h=yes
ac_cv_header_string_h=yes
ac_cv_header_strings_h=yes
ac_cv_header_sys_stat_h=yes
ac_cv_header_sys_types_h=yes
ac_cv_header_unistd_h=yes
ac_cv_objext=o
ac_cv_path_AR=/usr/bin/ar
ac_cv_path_CP=/bin/cp
ac_cv_path_EGREP='/usr/bin/grep -E'
ac_cv_path_GREP=/usr/bin/grep
ac_cv_path_LN=/bin/ln
ac_cv_path_MKDIR=/bin/mkdir
ac_cv_path_RM=/bin/rm
ac_cv_path_install='/usr/bin/install -c'
ac_cv_prog_CPP='gcc -E'
ac_cv_prog_ac_ct_CC=gcc
ac_cv_prog_ac_ct_RANLIB=ranlib
ac_cv_prog_cc_c89=
ac_cv_prog_cc_g=yes
ac_cv_prog_cxx_g=no

## ----------------- ##
## Output variables. ##
## ----------------- ##

AR='/usr/bin/ar'
ARCHFLAGS=''
ARFLAGS='crvs'
CC='gcc'
CFLAGS='-Wall '
CP='/bin/cp'
CPP='gcc -E'
CPPFLAGS=''
CXX='g++'
CXXFLAGS=''
DEFS='-DHAVE_CONFIG_H'
DSO='$(CC)'
DSOFLAGS=' -Wl,-soname,libmxml.so.1,-rpath,$(libdir) -shared $(OPTIM)'
ECHO_C=''
ECHO_N='-n'
ECHO_T=''
EGREP='/usr/bin/grep -E'
EXEEXT=''
GREP='/usr/bin/grep'
INSTALL_DATA='${INSTALL} -m 644'
INSTALL_PROGRAM='${INSTALL}'
INSTALL_SCRIPT='${INSTALL}'
LDFLAGS=' -Wl,-rpath,$(libdir)'
LIBMXML='libmxml.so.1.5'
LIBOBJS=''
LIBS=''
LN='/bin/ln'
LTLIBOBJS=''
MKDIR='/bin/mkdir'
OBJEXT='o'
OPTIM='-fPIC -Os -g'
PACKAGE_BUGREPORT=''
PACKAGE_NAME=''
PACKAGE_STRING=''
PACKAGE_TARNAME=''
PACKAGE_VERSION=''
PATH_SEPARATOR=':'
PC_CFLAGS='-I${prefix}/include'
PC_LIBS='-L${exec_prefix}/lib -lmxml'
PICFLAG='1'
PTHREAD_FLAGS='-D_THREAD_SAFE -D_REENTRANT'
PTHREAD_LIBS='-lpthread'
RANLIB='ranlib'
RM='/bin/rm'
SHELL='/bin/sh'
VERSION='2.7'
ac_ct_CC='gcc'
ac_ct_CXX=''
bindir='${exec_prefix}/bin'
build_alias=''
datadir='${datarootdir}'
datarootdir='${prefix}/share'
docdir='${datarootdir}/doc/mxml'
dvidir='${docdir}'
exec_prefix='/usr/local'
host_alias=''
htmldir='${docdir}'
includedir='${prefix}/include'
infodir='${datarootdir}/info'
libdir='${exec_prefix}/lib'
libexecdir='${exec_prefix}/lib'
localedir='${datarootdir}/locale'
localstatedir='${prefix}/var'
mandir='${datarootdir}/man'
oldincludedir='/usr/include'
pdfdir='${docdir}'
prefix='/usr/local'
program_transform_name='s,x,x,'
psdir='${docdir}'
sbindir='${exec_prefix}/sbin'
sharedstatedir='${prefix}/com'
sysconfdir='${prefix}/etc'
target_alias=''

## ----------- ##
## confdefs.h. ##
## ----------- ##

#define PACKAGE_NAME ""
#define PACKAGE_TARNAME ""
#define PACKAGE_VERSION ""
#define PACKAGE_STRING ""
#define PACKAGE_BUGREPORT ""
#define MXML_VERSION "Mini-XML v2.7"
#define HAVE_STRDUP 1
#define HAVE_SNPRINTF 1
#define HAVE_VSNPRINTF 1
#define HAVE_LONG_LONG 1
#define STDC_HEADERS 1
#define HAVE_SYS_TYPES_H 1
#define HAVE_SYS_STAT_H 1
#define HAVE_STDLIB_H 1
#define HAVE_STRING_H 1
#define HAVE_MEMORY_H 1
#define HAVE_STRINGS_H 1
#define HAVE_INTTYPES_H 1
#define HAVE_STDINT_H 1
#define HAVE_UNISTD_H 1
#define HAVE_PTHREAD_H 1

configure: exit 0
