Terminals unused in grammar

   DEF


Grammar

    0 $accept: translation_unit $end

    1 translation_unit: external_statement
    2                 | translation_unit external_statement

    3 external_statement: function_definition
    4                   | statement

    5 statement: expression_statement
    6          | compound_statement
    7          | selection_statement
    8          | iteration_statement
    9          | jump_statement
   10          | declaration_statement

   11 expression_statement: expression ';'
   12                     | ';'

   13 statement_list: statement
   14               | statement_list statement

   15 compound_statement: '{' '}'
   16                   | '{' statement_list '}'

   17 selection_statement: IF '(' expression ')' statement
   18                    | IF '(' expression ')' statement ELSE statement

   19 iteration_statement: WHILE '(' expression ')' statement
   20                    | FOR '(' expression ';' expression ';' expression ')' statement

   21 jump_statement: BREAK ';'
   22               | CONTINUE ';'
   23               | RETURN expression ';'
   24               | RETURN ';'

   25 declaration_statement: declaration

   26 expression: assignment_expression
   27           | expression ',' assignment_expression

   28 assignment_expression: conditional_expression
   29                      | unary_expression assignment_operator assignment_expression

   30 assignment_operator: '='
   31                    | ADD_ASSIGN
   32                    | SUB_ASSIGN
   33                    | MUL_ASSIGN
   34                    | DIV_ASSIGN
   35                    | EAT

   36 conditional_expression: logical_OR_expression

   37 logical_OR_expression: logical_AND_expression
   38                      | logical_OR_expression OR logical_AND_expression

   39 logical_AND_expression: equality_expression
   40                       | logical_AND_expression AND equality_expression

   41 equality_expression: relational_expression
   42                    | equality_expression EQ relational_expression
   43                    | equality_expression NE relational_expression

   44 relational_expression: additive_expression
   45                      | relational_expression LT additive_expression
   46                      | relational_expression GT additive_expression
   47                      | relational_expression LE additive_expression
   48                      | relational_expression GE additive_expression

   49 additive_expression: multiplicative_expression
   50                    | additive_expression '+' multiplicative_expression
   51                    | additive_expression '-' multiplicative_expression

   52 multiplicative_expression: unary_expression
   53                          | multiplicative_expression '*' unary_expression
   54                          | multiplicative_expression '/' unary_expression

   55 unary_expression: postfix_expression
   56                 | unary_operator unary_expression

   57 unary_operator: '+'
   58               | '-'
   59               | '!'

   60 postfix_expression: primary_expression
   61                   | primary_expression ':' primary_expression ARROW primary_expression
   62                   | postfix_expression PIPE pipe_property
   63                   | postfix_expression '[' conditional_expression ']'
   64                   | postfix_expression '.' IDENTIFIER
   65                   | postfix_expression '.' graph_property
   66                   | postfix_expression '(' argument_expression_list ')'
   67                   | postfix_expression '(' ')'

   68 primary_expression: attribute
   69                   | IDENTIFIER
   70                   | constant
   71                   | STRING_LITERAL
   72                   | '(' expression ')'

   73 graph_property: ALL_VERTICES
   74               | ALL_EDGES

   75 pipe_property: OUTCOMING_EDGES
   76              | INCOMING_EDGES
   77              | STARTING_VERTICES
   78              | ENDING_VERTICES

   79 argument_expression_list: assignment_expression
   80                         | argument_expression_list ',' assignment_expression

   81 attribute: AT IDENTIFIER

   82 constant: NUMBER_CONSTANT
   83         | TRUE
   84         | FALSE

   85 function_definition: declaration_specifiers declarator compound_statement

   86 type_specifier: BOOLEAN
   87               | NUMBER
   88               | STRING
   89               | LIST
   90               | VERTEX
   91               | EDGE
   92               | GRAPH

   93 declaration_specifiers: type_specifier

   94 declaration: declaration_specifiers init_declarator_list ';'

   95 init_declarator_list: init_declarator
   96                     | init_declarator_list ',' init_declarator

   97 init_declarator: declarator
   98                | declarator '=' initializer

   99 declarator: direct_declarator

  100 direct_declarator: IDENTIFIER
  101                  | '(' declarator ')'
  102                  | direct_declarator '(' parameter_type_list ')'
  103                  | direct_declarator '(' ')'
  104                  | direct_declarator '(' identifier_list ')'

  105 identifier_list: IDENTIFIER
  106                | identifier_list ',' IDENTIFIER

  107 parameter_type_list: parameter_list
  108                    | parameter_list ',' ELLIPSIS

  109 parameter_list: parameter_declaration
  110               | parameter_list ',' parameter_declaration

  111 parameter_declaration: declaration_specifiers declarator

  112 initializer: assignment_expression
  113            | '{' initializer_list '}'
  114            | '{' initializer_list ',' '}'

  115 initializer_list: initializer
  116                 | initializer_list ',' initializer


Terminals, with rules where they appear

$end (0) 0
'!' (33) 59
'(' (40) 17 18 19 20 66 67 72 101 102 103 104
')' (41) 17 18 19 20 66 67 72 101 102 103 104
'*' (42) 53
'+' (43) 50 57
',' (44) 27 80 96 106 108 110 114 116
'-' (45) 51 58
'.' (46) 64 65
'/' (47) 54
':' (58) 61
';' (59) 11 12 20 21 22 23 24 94
'=' (61) 30 98
'[' (91) 63
']' (93) 63
'{' (123) 15 16 113 114
'}' (125) 15 16 113 114
error (256)
BOOLEAN (258) 86
NUMBER (259) 87
STRING (260) 88
LIST (261) 89
VERTEX (262) 90
EDGE (263) 91
GRAPH (264) 92
IDENTIFIER (265) 64 69 81 100 105 106
NUMBER_CONSTANT (266) 82
STRING_LITERAL (267) 71
TRUE (268) 83
FALSE (269) 84
DEF (270)
OUTCOMING_EDGES (271) 75
INCOMING_EDGES (272) 76
STARTING_VERTICES (273) 77
ENDING_VERTICES (274) 78
ALL_VERTICES (275) 73
ALL_EDGES (276) 74
OR (277) 38
AND (278) 40
EQ (279) 42
NE (280) 43
GT (281) 46
LT (282) 45
GE (283) 48
LE (284) 47
ELLIPSIS (285) 108
ADD_ASSIGN (286) 31
SUB_ASSIGN (287) 32
MUL_ASSIGN (288) 33
DIV_ASSIGN (289) 34
EAT (290) 35
ARROW (291) 61
PIPE (292) 62
AT (293) 81
IF (294) 17 18
ELSE (295) 18
FOR (296) 20
WHILE (297) 19
BREAK (298) 21
CONTINUE (299) 22
RETURN (300) 23 24
LOWER_THAN_ELSE (301)


Nonterminals, with rules where they appear

$accept (63)
    on left: 0
translation_unit (64)
    on left: 1 2, on right: 0 2
external_statement (65)
    on left: 3 4, on right: 1 2
statement (66)
    on left: 5 6 7 8 9 10, on right: 4 13 14 17 18 19 20
expression_statement (67)
    on left: 11 12, on right: 5
statement_list (68)
    on left: 13 14, on right: 14 16
compound_statement (69)
    on left: 15 16, on right: 6 85
selection_statement (70)
    on left: 17 18, on right: 7
iteration_statement (71)
    on left: 19 20, on right: 8
jump_statement (72)
    on left: 21 22 23 24, on right: 9
declaration_statement (73)
    on left: 25, on right: 10
expression (74)
    on left: 26 27, on right: 11 17 18 19 20 23 27 72
assignment_expression (75)
    on left: 28 29, on right: 26 27 29 79 80 112
assignment_operator (76)
    on left: 30 31 32 33 34 35, on right: 29
conditional_expression (77)
    on left: 36, on right: 28 63
logical_OR_expression (78)
    on left: 37 38, on right: 36 38
logical_AND_expression (79)
    on left: 39 40, on right: 37 38 40
equality_expression (80)
    on left: 41 42 43, on right: 39 40 42 43
relational_expression (81)
    on left: 44 45 46 47 48, on right: 41 42 43 45 46 47 48
additive_expression (82)
    on left: 49 50 51, on right: 44 45 46 47 48 50 51
multiplicative_expression (83)
    on left: 52 53 54, on right: 49 50 51 53 54
unary_expression (84)
    on left: 55 56, on right: 29 52 53 54 56
unary_operator (85)
    on left: 57 58 59, on right: 56
postfix_expression (86)
    on left: 60 61 62 63 64 65 66 67, on right: 55 62 63 64 65 66 67
primary_expression (87)
    on left: 68 69 70 71 72, on right: 60 61
graph_property (88)
    on left: 73 74, on right: 65
pipe_property (89)
    on left: 75 76 77 78, on right: 62
argument_expression_list (90)
    on left: 79 80, on right: 66 80
attribute (91)
    on left: 81, on right: 68
constant (92)
    on left: 82 83 84, on right: 70
function_definition (93)
    on left: 85, on right: 3
type_specifier (94)
    on left: 86 87 88 89 90 91 92, on right: 93
declaration_specifiers (95)
    on left: 93, on right: 85 94 111
declaration (96)
    on left: 94, on right: 25
init_declarator_list (97)
    on left: 95 96, on right: 94 96
init_declarator (98)
    on left: 97 98, on right: 95 96
declarator (99)
    on left: 99, on right: 85 97 98 101 111
direct_declarator (100)
    on left: 100 101 102 103 104, on right: 99 102 103 104
identifier_list (101)
    on left: 105 106, on right: 104 106
parameter_type_list (102)
    on left: 107 108, on right: 102
parameter_list (103)
    on left: 109 110, on right: 107 108 110
parameter_declaration (104)
    on left: 111, on right: 109 110
initializer (105)
    on left: 112 113 114, on right: 98 115 116
initializer_list (106)
    on left: 115 116, on right: 113 114 116


state 0

    0 $accept: . translation_unit $end

    BOOLEAN          shift, and go to state 1
    NUMBER           shift, and go to state 2
    STRING           shift, and go to state 3
    LIST             shift, and go to state 4
    VERTEX           shift, and go to state 5
    EDGE             shift, and go to state 6
    GRAPH            shift, and go to state 7
    IDENTIFIER       shift, and go to state 8
    NUMBER_CONSTANT  shift, and go to state 9
    STRING_LITERAL   shift, and go to state 10
    TRUE             shift, and go to state 11
    FALSE            shift, and go to state 12
    AT               shift, and go to state 13
    IF               shift, and go to state 14
    FOR              shift, and go to state 15
    WHILE            shift, and go to state 16
    BREAK            shift, and go to state 17
    CONTINUE         shift, and go to state 18
    RETURN           shift, and go to state 19
    ';'              shift, and go to state 20
    '{'              shift, and go to state 21
    '('              shift, and go to state 22
    '+'              shift, and go to state 23
    '-'              shift, and go to state 24
    '!'              shift, and go to state 25

    translation_unit           go to state 26
    external_statement         go to state 27
    statement                  go to state 28
    expression_statement       go to state 29
    compound_statement         go to state 30
    selection_statement        go to state 31
    iteration_statement        go to state 32
    jump_statement             go to state 33
    declaration_statement      go to state 34
    expression                 go to state 35
    assignment_expression      go to state 36
    conditional_expression     go to state 37
    logical_OR_expression      go to state 38
    logical_AND_expression     go to state 39
    equality_expression        go to state 40
    relational_expression      go to state 41
    additive_expression        go to state 42
    multiplicative_expression  go to state 43
    unary_expression           go to state 44
    unary_operator             go to state 45
    postfix_expression         go to state 46
    primary_expression         go to state 47
    attribute                  go to state 48
    constant                   go to state 49
    function_definition        go to state 50
    type_specifier             go to state 51
    declaration_specifiers     go to state 52
    declaration                go to state 53


state 1

   86 type_specifier: BOOLEAN .

    $default  reduce using rule 86 (type_specifier)


state 2

   87 type_specifier: NUMBER .

    $default  reduce using rule 87 (type_specifier)


state 3

   88 type_specifier: STRING .

    $default  reduce using rule 88 (type_specifier)


state 4

   89 type_specifier: LIST .

    $default  reduce using rule 89 (type_specifier)


state 5

   90 type_specifier: VERTEX .

    $default  reduce using rule 90 (type_specifier)


state 6

   91 type_specifier: EDGE .

    $default  reduce using rule 91 (type_specifier)


state 7

   92 type_specifier: GRAPH .

    $default  reduce using rule 92 (type_specifier)


state 8

   69 primary_expression: IDENTIFIER .

    $default  reduce using rule 69 (primary_expression)


state 9

   82 constant: NUMBER_CONSTANT .

    $default  reduce using rule 82 (constant)


state 10

   71 primary_expression: STRING_LITERAL .

    $default  reduce using rule 71 (primary_expression)


state 11

   83 constant: TRUE .

    $default  reduce using rule 83 (constant)


state 12

   84 constant: FALSE .

    $default  reduce using rule 84 (constant)


state 13

   81 attribute: AT . IDENTIFIER

    IDENTIFIER  shift, and go to state 54


state 14

   17 selection_statement: IF . '(' expression ')' statement
   18                    | IF . '(' expression ')' statement ELSE statement

    '('  shift, and go to state 55


state 15

   20 iteration_statement: FOR . '(' expression ';' expression ';' expression ')' statement

    '('  shift, and go to state 56


state 16

   19 iteration_statement: WHILE . '(' expression ')' statement

    '('  shift, and go to state 57


state 17

   21 jump_statement: BREAK . ';'

    ';'  shift, and go to state 58


state 18

   22 jump_statement: CONTINUE . ';'

    ';'  shift, and go to state 59


state 19

   23 jump_statement: RETURN . expression ';'
   24               | RETURN . ';'

    IDENTIFIER       shift, and go to state 8
    NUMBER_CONSTANT  shift, and go to state 9
    STRING_LITERAL   shift, and go to state 10
    TRUE             shift, and go to state 11
    FALSE            shift, and go to state 12
    AT               shift, and go to state 13
    ';'              shift, and go to state 60
    '('              shift, and go to state 22
    '+'              shift, and go to state 23
    '-'              shift, and go to state 24
    '!'              shift, and go to state 25

    expression                 go to state 61
    assignment_expression      go to state 36
    conditional_expression     go to state 37
    logical_OR_expression      go to state 38
    logical_AND_expression     go to state 39
    equality_expression        go to state 40
    relational_expression      go to state 41
    additive_expression        go to state 42
    multiplicative_expression  go to state 43
    unary_expression           go to state 44
    unary_operator             go to state 45
    postfix_expression         go to state 46
    primary_expression         go to state 47
    attribute                  go to state 48
    constant                   go to state 49


state 20

   12 expression_statement: ';' .

    $default  reduce using rule 12 (expression_statement)


state 21

   15 compound_statement: '{' . '}'
   16                   | '{' . statement_list '}'

    BOOLEAN          shift, and go to state 1
    NUMBER           shift, and go to state 2
    STRING           shift, and go to state 3
    LIST             shift, and go to state 4
    VERTEX           shift, and go to state 5
    EDGE             shift, and go to state 6
    GRAPH            shift, and go to state 7
    IDENTIFIER       shift, and go to state 8
    NUMBER_CONSTANT  shift, and go to state 9
    STRING_LITERAL   shift, and go to state 10
    TRUE             shift, and go to state 11
    FALSE            shift, and go to state 12
    AT               shift, and go to state 13
    IF               shift, and go to state 14
    FOR              shift, and go to state 15
    WHILE            shift, and go to state 16
    BREAK            shift, and go to state 17
    CONTINUE         shift, and go to state 18
    RETURN           shift, and go to state 19
    ';'              shift, and go to state 20
    '{'              shift, and go to state 21
    '}'              shift, and go to state 62
    '('              shift, and go to state 22
    '+'              shift, and go to state 23
    '-'              shift, and go to state 24
    '!'              shift, and go to state 25

    statement                  go to state 63
    expression_statement       go to state 29
    statement_list             go to state 64
    compound_statement         go to state 30
    selection_statement        go to state 31
    iteration_statement        go to state 32
    jump_statement             go to state 33
    declaration_statement      go to state 34
    expression                 go to state 35
    assignment_expression      go to state 36
    conditional_expression     go to state 37
    logical_OR_expression      go to state 38
    logical_AND_expression     go to state 39
    equality_expression        go to state 40
    relational_expression      go to state 41
    additive_expression        go to state 42
    multiplicative_expression  go to state 43
    unary_expression           go to state 44
    unary_operator             go to state 45
    postfix_expression         go to state 46
    primary_expression         go to state 47
    attribute                  go to state 48
    constant                   go to state 49
    type_specifier             go to state 51
    declaration_specifiers     go to state 65
    declaration                go to state 53


state 22

   72 primary_expression: '(' . expression ')'

    IDENTIFIER       shift, and go to state 8
    NUMBER_CONSTANT  shift, and go to state 9
    STRING_LITERAL   shift, and go to state 10
    TRUE             shift, and go to state 11
    FALSE            shift, and go to state 12
    AT               shift, and go to state 13
    '('              shift, and go to state 22
    '+'              shift, and go to state 23
    '-'              shift, and go to state 24
    '!'              shift, and go to state 25

    expression                 go to state 66
    assignment_expression      go to state 36
    conditional_expression     go to state 37
    logical_OR_expression      go to state 38
    logical_AND_expression     go to state 39
    equality_expression        go to state 40
    relational_expression      go to state 41
    additive_expression        go to state 42
    multiplicative_expression  go to state 43
    unary_expression           go to state 44
    unary_operator             go to state 45
    postfix_expression         go to state 46
    primary_expression         go to state 47
    attribute                  go to state 48
    constant                   go to state 49


state 23

   57 unary_operator: '+' .

    $default  reduce using rule 57 (unary_operator)


state 24

   58 unary_operator: '-' .

    $default  reduce using rule 58 (unary_operator)


state 25

   59 unary_operator: '!' .

    $default  reduce using rule 59 (unary_operator)


state 26

    0 $accept: translation_unit . $end
    2 translation_unit: translation_unit . external_statement

    $end             shift, and go to state 67
    BOOLEAN          shift, and go to state 1
    NUMBER           shift, and go to state 2
    STRING           shift, and go to state 3
    LIST             shift, and go to state 4
    VERTEX           shift, and go to state 5
    EDGE             shift, and go to state 6
    GRAPH            shift, and go to state 7
    IDENTIFIER       shift, and go to state 8
    NUMBER_CONSTANT  shift, and go to state 9
    STRING_LITERAL   shift, and go to state 10
    TRUE             shift, and go to state 11
    FALSE            shift, and go to state 12
    AT               shift, and go to state 13
    IF               shift, and go to state 14
    FOR              shift, and go to state 15
    WHILE            shift, and go to state 16
    BREAK            shift, and go to state 17
    CONTINUE         shift, and go to state 18
    RETURN           shift, and go to state 19
    ';'              shift, and go to state 20
    '{'              shift, and go to state 21
    '('              shift, and go to state 22
    '+'              shift, and go to state 23
    '-'              shift, and go to state 24
    '!'              shift, and go to state 25

    external_statement         go to state 68
    statement                  go to state 28
    expression_statement       go to state 29
    compound_statement         go to state 30
    selection_statement        go to state 31
    iteration_statement        go to state 32
    jump_statement             go to state 33
    declaration_statement      go to state 34
    expression                 go to state 35
    assignment_expression      go to state 36
    conditional_expression     go to state 37
    logical_OR_expression      go to state 38
    logical_AND_expression     go to state 39
    equality_expression        go to state 40
    relational_expression      go to state 41
    additive_expression        go to state 42
    multiplicative_expression  go to state 43
    unary_expression           go to state 44
    unary_operator             go to state 45
    postfix_expression         go to state 46
    primary_expression         go to state 47
    attribute                  go to state 48
    constant                   go to state 49
    function_definition        go to state 50
    type_specifier             go to state 51
    declaration_specifiers     go to state 52
    declaration                go to state 53


state 27

    1 translation_unit: external_statement .

    $default  reduce using rule 1 (translation_unit)


state 28

    4 external_statement: statement .

    $default  reduce using rule 4 (external_statement)


state 29

    5 statement: expression_statement .

    $default  reduce using rule 5 (statement)


state 30

    6 statement: compound_statement .

    $default  reduce using rule 6 (statement)


state 31

    7 statement: selection_statement .

    $default  reduce using rule 7 (statement)


state 32

    8 statement: iteration_statement .

    $default  reduce using rule 8 (statement)


state 33

    9 statement: jump_statement .

    $default  reduce using rule 9 (statement)


state 34

   10 statement: declaration_statement .

    $default  reduce using rule 10 (statement)


state 35

   11 expression_statement: expression . ';'
   27 expression: expression . ',' assignment_expression

    ';'  shift, and go to state 69
    ','  shift, and go to state 70


state 36

   26 expression: assignment_expression .

    $default  reduce using rule 26 (expression)


state 37

   28 assignment_expression: conditional_expression .

    $default  reduce using rule 28 (assignment_expression)


state 38

   36 conditional_expression: logical_OR_expression .
   38 logical_OR_expression: logical_OR_expression . OR logical_AND_expression

    OR  shift, and go to state 71

    $default  reduce using rule 36 (conditional_expression)


state 39

   37 logical_OR_expression: logical_AND_expression .
   40 logical_AND_expression: logical_AND_expression . AND equality_expression

    AND  shift, and go to state 72

    $default  reduce using rule 37 (logical_OR_expression)


state 40

   39 logical_AND_expression: equality_expression .
   42 equality_expression: equality_expression . EQ relational_expression
   43                    | equality_expression . NE relational_expression

    EQ  shift, and go to state 73
    NE  shift, and go to state 74

    $default  reduce using rule 39 (logical_AND_expression)


state 41

   41 equality_expression: relational_expression .
   45 relational_expression: relational_expression . LT additive_expression
   46                      | relational_expression . GT additive_expression
   47                      | relational_expression . LE additive_expression
   48                      | relational_expression . GE additive_expression

    GT  shift, and go to state 75
    LT  shift, and go to state 76
    GE  shift, and go to state 77
    LE  shift, and go to state 78

    $default  reduce using rule 41 (equality_expression)


state 42

   44 relational_expression: additive_expression .
   50 additive_expression: additive_expression . '+' multiplicative_expression
   51                    | additive_expression . '-' multiplicative_expression

    '+'  shift, and go to state 79
    '-'  shift, and go to state 80

    $default  reduce using rule 44 (relational_expression)


state 43

   49 additive_expression: multiplicative_expression .
   53 multiplicative_expression: multiplicative_expression . '*' unary_expression
   54                          | multiplicative_expression . '/' unary_expression

    '*'  shift, and go to state 81
    '/'  shift, and go to state 82

    $default  reduce using rule 49 (additive_expression)


state 44

   29 assignment_expression: unary_expression . assignment_operator assignment_expression
   52 multiplicative_expression: unary_expression .

    ADD_ASSIGN  shift, and go to state 83
    SUB_ASSIGN  shift, and go to state 84
    MUL_ASSIGN  shift, and go to state 85
    DIV_ASSIGN  shift, and go to state 86
    EAT         shift, and go to state 87
    '='         shift, and go to state 88

    $default  reduce using rule 52 (multiplicative_expression)

    assignment_operator  go to state 89


state 45

   56 unary_expression: unary_operator . unary_expression

    IDENTIFIER       shift, and go to state 8
    NUMBER_CONSTANT  shift, and go to state 9
    STRING_LITERAL   shift, and go to state 10
    TRUE             shift, and go to state 11
    FALSE            shift, and go to state 12
    AT               shift, and go to state 13
    '('              shift, and go to state 22
    '+'              shift, and go to state 23
    '-'              shift, and go to state 24
    '!'              shift, and go to state 25

    unary_expression    go to state 90
    unary_operator      go to state 45
    postfix_expression  go to state 46
    primary_expression  go to state 47
    attribute           go to state 48
    constant            go to state 49


state 46

   55 unary_expression: postfix_expression .
   62 postfix_expression: postfix_expression . PIPE pipe_property
   63                   | postfix_expression . '[' conditional_expression ']'
   64                   | postfix_expression . '.' IDENTIFIER
   65                   | postfix_expression . '.' graph_property
   66                   | postfix_expression . '(' argument_expression_list ')'
   67                   | postfix_expression . '(' ')'

    PIPE  shift, and go to state 91
    '('   shift, and go to state 92
    '['   shift, and go to state 93
    '.'   shift, and go to state 94

    $default  reduce using rule 55 (unary_expression)


state 47

   60 postfix_expression: primary_expression .
   61                   | primary_expression . ':' primary_expression ARROW primary_expression

    ':'  shift, and go to state 95

    $default  reduce using rule 60 (postfix_expression)


state 48

   68 primary_expression: attribute .

    $default  reduce using rule 68 (primary_expression)


state 49

   70 primary_expression: constant .

    $default  reduce using rule 70 (primary_expression)


state 50

    3 external_statement: function_definition .

    $default  reduce using rule 3 (external_statement)


state 51

   93 declaration_specifiers: type_specifier .

    $default  reduce using rule 93 (declaration_specifiers)


state 52

   85 function_definition: declaration_specifiers . declarator compound_statement
   94 declaration: declaration_specifiers . init_declarator_list ';'

    IDENTIFIER  shift, and go to state 96
    '('         shift, and go to state 97

    init_declarator_list  go to state 98
    init_declarator       go to state 99
    declarator            go to state 100
    direct_declarator     go to state 101


state 53

   25 declaration_statement: declaration .

    $default  reduce using rule 25 (declaration_statement)


state 54

   81 attribute: AT IDENTIFIER .

    $default  reduce using rule 81 (attribute)


state 55

   17 selection_statement: IF '(' . expression ')' statement
   18                    | IF '(' . expression ')' statement ELSE statement

    IDENTIFIER       shift, and go to state 8
    NUMBER_CONSTANT  shift, and go to state 9
    STRING_LITERAL   shift, and go to state 10
    TRUE             shift, and go to state 11
    FALSE            shift, and go to state 12
    AT               shift, and go to state 13
    '('              shift, and go to state 22
    '+'              shift, and go to state 23
    '-'              shift, and go to state 24
    '!'              shift, and go to state 25

    expression                 go to state 102
    assignment_expression      go to state 36
    conditional_expression     go to state 37
    logical_OR_expression      go to state 38
    logical_AND_expression     go to state 39
    equality_expression        go to state 40
    relational_expression      go to state 41
    additive_expression        go to state 42
    multiplicative_expression  go to state 43
    unary_expression           go to state 44
    unary_operator             go to state 45
    postfix_expression         go to state 46
    primary_expression         go to state 47
    attribute                  go to state 48
    constant                   go to state 49


state 56

   20 iteration_statement: FOR '(' . expression ';' expression ';' expression ')' statement

    IDENTIFIER       shift, and go to state 8
    NUMBER_CONSTANT  shift, and go to state 9
    STRING_LITERAL   shift, and go to state 10
    TRUE             shift, and go to state 11
    FALSE            shift, and go to state 12
    AT               shift, and go to state 13
    '('              shift, and go to state 22
    '+'              shift, and go to state 23
    '-'              shift, and go to state 24
    '!'              shift, and go to state 25

    expression                 go to state 103
    assignment_expression      go to state 36
    conditional_expression     go to state 37
    logical_OR_expression      go to state 38
    logical_AND_expression     go to state 39
    equality_expression        go to state 40
    relational_expression      go to state 41
    additive_expression        go to state 42
    multiplicative_expression  go to state 43
    unary_expression           go to state 44
    unary_operator             go to state 45
    postfix_expression         go to state 46
    primary_expression         go to state 47
    attribute                  go to state 48
    constant                   go to state 49


state 57

   19 iteration_statement: WHILE '(' . expression ')' statement

    IDENTIFIER       shift, and go to state 8
    NUMBER_CONSTANT  shift, and go to state 9
    STRING_LITERAL   shift, and go to state 10
    TRUE             shift, and go to state 11
    FALSE            shift, and go to state 12
    AT               shift, and go to state 13
    '('              shift, and go to state 22
    '+'              shift, and go to state 23
    '-'              shift, and go to state 24
    '!'              shift, and go to state 25

    expression                 go to state 104
    assignment_expression      go to state 36
    conditional_expression     go to state 37
    logical_OR_expression      go to state 38
    logical_AND_expression     go to state 39
    equality_expression        go to state 40
    relational_expression      go to state 41
    additive_expression        go to state 42
    multiplicative_expression  go to state 43
    unary_expression           go to state 44
    unary_operator             go to state 45
    postfix_expression         go to state 46
    primary_expression         go to state 47
    attribute                  go to state 48
    constant                   go to state 49


state 58

   21 jump_statement: BREAK ';' .

    $default  reduce using rule 21 (jump_statement)


state 59

   22 jump_statement: CONTINUE ';' .

    $default  reduce using rule 22 (jump_statement)


state 60

   24 jump_statement: RETURN ';' .

    $default  reduce using rule 24 (jump_statement)


state 61

   23 jump_statement: RETURN expression . ';'
   27 expression: expression . ',' assignment_expression

    ';'  shift, and go to state 105
    ','  shift, and go to state 70


state 62

   15 compound_statement: '{' '}' .

    $default  reduce using rule 15 (compound_statement)


state 63

   13 statement_list: statement .

    $default  reduce using rule 13 (statement_list)


state 64

   14 statement_list: statement_list . statement
   16 compound_statement: '{' statement_list . '}'

    BOOLEAN          shift, and go to state 1
    NUMBER           shift, and go to state 2
    STRING           shift, and go to state 3
    LIST             shift, and go to state 4
    VERTEX           shift, and go to state 5
    EDGE             shift, and go to state 6
    GRAPH            shift, and go to state 7
    IDENTIFIER       shift, and go to state 8
    NUMBER_CONSTANT  shift, and go to state 9
    STRING_LITERAL   shift, and go to state 10
    TRUE             shift, and go to state 11
    FALSE            shift, and go to state 12
    AT               shift, and go to state 13
    IF               shift, and go to state 14
    FOR              shift, and go to state 15
    WHILE            shift, and go to state 16
    BREAK            shift, and go to state 17
    CONTINUE         shift, and go to state 18
    RETURN           shift, and go to state 19
    ';'              shift, and go to state 20
    '{'              shift, and go to state 21
    '}'              shift, and go to state 106
    '('              shift, and go to state 22
    '+'              shift, and go to state 23
    '-'              shift, and go to state 24
    '!'              shift, and go to state 25

    statement                  go to state 107
    expression_statement       go to state 29
    compound_statement         go to state 30
    selection_statement        go to state 31
    iteration_statement        go to state 32
    jump_statement             go to state 33
    declaration_statement      go to state 34
    expression                 go to state 35
    assignment_expression      go to state 36
    conditional_expression     go to state 37
    logical_OR_expression      go to state 38
    logical_AND_expression     go to state 39
    equality_expression        go to state 40
    relational_expression      go to state 41
    additive_expression        go to state 42
    multiplicative_expression  go to state 43
    unary_expression           go to state 44
    unary_operator             go to state 45
    postfix_expression         go to state 46
    primary_expression         go to state 47
    attribute                  go to state 48
    constant                   go to state 49
    type_specifier             go to state 51
    declaration_specifiers     go to state 65
    declaration                go to state 53


state 65

   94 declaration: declaration_specifiers . init_declarator_list ';'

    IDENTIFIER  shift, and go to state 96
    '('         shift, and go to state 97

    init_declarator_list  go to state 98
    init_declarator       go to state 99
    declarator            go to state 108
    direct_declarator     go to state 101


state 66

   27 expression: expression . ',' assignment_expression
   72 primary_expression: '(' expression . ')'

    ')'  shift, and go to state 109
    ','  shift, and go to state 70


state 67

    0 $accept: translation_unit $end .

    $default  accept


state 68

    2 translation_unit: translation_unit external_statement .

    $default  reduce using rule 2 (translation_unit)


state 69

   11 expression_statement: expression ';' .

    $default  reduce using rule 11 (expression_statement)


state 70

   27 expression: expression ',' . assignment_expression

    IDENTIFIER       shift, and go to state 8
    NUMBER_CONSTANT  shift, and go to state 9
    STRING_LITERAL   shift, and go to state 10
    TRUE             shift, and go to state 11
    FALSE            shift, and go to state 12
    AT               shift, and go to state 13
    '('              shift, and go to state 22
    '+'              shift, and go to state 23
    '-'              shift, and go to state 24
    '!'              shift, and go to state 25

    assignment_expression      go to state 110
    conditional_expression     go to state 37
    logical_OR_expression      go to state 38
    logical_AND_expression     go to state 39
    equality_expression        go to state 40
    relational_expression      go to state 41
    additive_expression        go to state 42
    multiplicative_expression  go to state 43
    unary_expression           go to state 44
    unary_operator             go to state 45
    postfix_expression         go to state 46
    primary_expression         go to state 47
    attribute                  go to state 48
    constant                   go to state 49


state 71

   38 logical_OR_expression: logical_OR_expression OR . logical_AND_expression

    IDENTIFIER       shift, and go to state 8
    NUMBER_CONSTANT  shift, and go to state 9
    STRING_LITERAL   shift, and go to state 10
    TRUE             shift, and go to state 11
    FALSE            shift, and go to state 12
    AT               shift, and go to state 13
    '('              shift, and go to state 22
    '+'              shift, and go to state 23
    '-'              shift, and go to state 24
    '!'              shift, and go to state 25

    logical_AND_expression     go to state 111
    equality_expression        go to state 40
    relational_expression      go to state 41
    additive_expression        go to state 42
    multiplicative_expression  go to state 43
    unary_expression           go to state 112
    unary_operator             go to state 45
    postfix_expression         go to state 46
    primary_expression         go to state 47
    attribute                  go to state 48
    constant                   go to state 49


state 72

   40 logical_AND_expression: logical_AND_expression AND . equality_expression

    IDENTIFIER       shift, and go to state 8
    NUMBER_CONSTANT  shift, and go to state 9
    STRING_LITERAL   shift, and go to state 10
    TRUE             shift, and go to state 11
    FALSE            shift, and go to state 12
    AT               shift, and go to state 13
    '('              shift, and go to state 22
    '+'              shift, and go to state 23
    '-'              shift, and go to state 24
    '!'              shift, and go to state 25

    equality_expression        go to state 113
    relational_expression      go to state 41
    additive_expression        go to state 42
    multiplicative_expression  go to state 43
    unary_expression           go to state 112
    unary_operator             go to state 45
    postfix_expression         go to state 46
    primary_expression         go to state 47
    attribute                  go to state 48
    constant                   go to state 49


state 73

   42 equality_expression: equality_expression EQ . relational_expression

    IDENTIFIER       shift, and go to state 8
    NUMBER_CONSTANT  shift, and go to state 9
    STRING_LITERAL   shift, and go to state 10
    TRUE             shift, and go to state 11
    FALSE            shift, and go to state 12
    AT               shift, and go to state 13
    '('              shift, and go to state 22
    '+'              shift, and go to state 23
    '-'              shift, and go to state 24
    '!'              shift, and go to state 25

    relational_expression      go to state 114
    additive_expression        go to state 42
    multiplicative_expression  go to state 43
    unary_expression           go to state 112
    unary_operator             go to state 45
    postfix_expression         go to state 46
    primary_expression         go to state 47
    attribute                  go to state 48
    constant                   go to state 49


state 74

   43 equality_expression: equality_expression NE . relational_expression

    IDENTIFIER       shift, and go to state 8
    NUMBER_CONSTANT  shift, and go to state 9
    STRING_LITERAL   shift, and go to state 10
    TRUE             shift, and go to state 11
    FALSE            shift, and go to state 12
    AT               shift, and go to state 13
    '('              shift, and go to state 22
    '+'              shift, and go to state 23
    '-'              shift, and go to state 24
    '!'              shift, and go to state 25

    relational_expression      go to state 115
    additive_expression        go to state 42
    multiplicative_expression  go to state 43
    unary_expression           go to state 112
    unary_operator             go to state 45
    postfix_expression         go to state 46
    primary_expression         go to state 47
    attribute                  go to state 48
    constant                   go to state 49


state 75

   46 relational_expression: relational_expression GT . additive_expression

    IDENTIFIER       shift, and go to state 8
    NUMBER_CONSTANT  shift, and go to state 9
    STRING_LITERAL   shift, and go to state 10
    TRUE             shift, and go to state 11
    FALSE            shift, and go to state 12
    AT               shift, and go to state 13
    '('              shift, and go to state 22
    '+'              shift, and go to state 23
    '-'              shift, and go to state 24
    '!'              shift, and go to state 25

    additive_expression        go to state 116
    multiplicative_expression  go to state 43
    unary_expression           go to state 112
    unary_operator             go to state 45
    postfix_expression         go to state 46
    primary_expression         go to state 47
    attribute                  go to state 48
    constant                   go to state 49


state 76

   45 relational_expression: relational_expression LT . additive_expression

    IDENTIFIER       shift, and go to state 8
    NUMBER_CONSTANT  shift, and go to state 9
    STRING_LITERAL   shift, and go to state 10
    TRUE             shift, and go to state 11
    FALSE            shift, and go to state 12
    AT               shift, and go to state 13
    '('              shift, and go to state 22
    '+'              shift, and go to state 23
    '-'              shift, and go to state 24
    '!'              shift, and go to state 25

    additive_expression        go to state 117
    multiplicative_expression  go to state 43
    unary_expression           go to state 112
    unary_operator             go to state 45
    postfix_expression         go to state 46
    primary_expression         go to state 47
    attribute                  go to state 48
    constant                   go to state 49


state 77

   48 relational_expression: relational_expression GE . additive_expression

    IDENTIFIER       shift, and go to state 8
    NUMBER_CONSTANT  shift, and go to state 9
    STRING_LITERAL   shift, and go to state 10
    TRUE             shift, and go to state 11
    FALSE            shift, and go to state 12
    AT               shift, and go to state 13
    '('              shift, and go to state 22
    '+'              shift, and go to state 23
    '-'              shift, and go to state 24
    '!'              shift, and go to state 25

    additive_expression        go to state 118
    multiplicative_expression  go to state 43
    unary_expression           go to state 112
    unary_operator             go to state 45
    postfix_expression         go to state 46
    primary_expression         go to state 47
    attribute                  go to state 48
    constant                   go to state 49


state 78

   47 relational_expression: relational_expression LE . additive_expression

    IDENTIFIER       shift, and go to state 8
    NUMBER_CONSTANT  shift, and go to state 9
    STRING_LITERAL   shift, and go to state 10
    TRUE             shift, and go to state 11
    FALSE            shift, and go to state 12
    AT               shift, and go to state 13
    '('              shift, and go to state 22
    '+'              shift, and go to state 23
    '-'              shift, and go to state 24
    '!'              shift, and go to state 25

    additive_expression        go to state 119
    multiplicative_expression  go to state 43
    unary_expression           go to state 112
    unary_operator             go to state 45
    postfix_expression         go to state 46
    primary_expression         go to state 47
    attribute                  go to state 48
    constant                   go to state 49


state 79

   50 additive_expression: additive_expression '+' . multiplicative_expression

    IDENTIFIER       shift, and go to state 8
    NUMBER_CONSTANT  shift, and go to state 9
    STRING_LITERAL   shift, and go to state 10
    TRUE             shift, and go to state 11
    FALSE            shift, and go to state 12
    AT               shift, and go to state 13
    '('              shift, and go to state 22
    '+'              shift, and go to state 23
    '-'              shift, and go to state 24
    '!'              shift, and go to state 25

    multiplicative_expression  go to state 120
    unary_expression           go to state 112
    unary_operator             go to state 45
    postfix_expression         go to state 46
    primary_expression         go to state 47
    attribute                  go to state 48
    constant                   go to state 49


state 80

   51 additive_expression: additive_expression '-' . multiplicative_expression

    IDENTIFIER       shift, and go to state 8
    NUMBER_CONSTANT  shift, and go to state 9
    STRING_LITERAL   shift, and go to state 10
    TRUE             shift, and go to state 11
    FALSE            shift, and go to state 12
    AT               shift, and go to state 13
    '('              shift, and go to state 22
    '+'              shift, and go to state 23
    '-'              shift, and go to state 24
    '!'              shift, and go to state 25

    multiplicative_expression  go to state 121
    unary_expression           go to state 112
    unary_operator             go to state 45
    postfix_expression         go to state 46
    primary_expression         go to state 47
    attribute                  go to state 48
    constant                   go to state 49


state 81

   53 multiplicative_expression: multiplicative_expression '*' . unary_expression

    IDENTIFIER       shift, and go to state 8
    NUMBER_CONSTANT  shift, and go to state 9
    STRING_LITERAL   shift, and go to state 10
    TRUE             shift, and go to state 11
    FALSE            shift, and go to state 12
    AT               shift, and go to state 13
    '('              shift, and go to state 22
    '+'              shift, and go to state 23
    '-'              shift, and go to state 24
    '!'              shift, and go to state 25

    unary_expression    go to state 122
    unary_operator      go to state 45
    postfix_expression  go to state 46
    primary_expression  go to state 47
    attribute           go to state 48
    constant            go to state 49


state 82

   54 multiplicative_expression: multiplicative_expression '/' . unary_expression

    IDENTIFIER       shift, and go to state 8
    NUMBER_CONSTANT  shift, and go to state 9
    STRING_LITERAL   shift, and go to state 10
    TRUE             shift, and go to state 11
    FALSE            shift, and go to state 12
    AT               shift, and go to state 13
    '('              shift, and go to state 22
    '+'              shift, and go to state 23
    '-'              shift, and go to state 24
    '!'              shift, and go to state 25

    unary_expression    go to state 123
    unary_operator      go to state 45
    postfix_expression  go to state 46
    primary_expression  go to state 47
    attribute           go to state 48
    constant            go to state 49


state 83

   31 assignment_operator: ADD_ASSIGN .

    $default  reduce using rule 31 (assignment_operator)


state 84

   32 assignment_operator: SUB_ASSIGN .

    $default  reduce using rule 32 (assignment_operator)


state 85

   33 assignment_operator: MUL_ASSIGN .

    $default  reduce using rule 33 (assignment_operator)


state 86

   34 assignment_operator: DIV_ASSIGN .

    $default  reduce using rule 34 (assignment_operator)


state 87

   35 assignment_operator: EAT .

    $default  reduce using rule 35 (assignment_operator)


state 88

   30 assignment_operator: '=' .

    $default  reduce using rule 30 (assignment_operator)


state 89

   29 assignment_expression: unary_expression assignment_operator . assignment_expression

    IDENTIFIER       shift, and go to state 8
    NUMBER_CONSTANT  shift, and go to state 9
    STRING_LITERAL   shift, and go to state 10
    TRUE             shift, and go to state 11
    FALSE            shift, and go to state 12
    AT               shift, and go to state 13
    '('              shift, and go to state 22
    '+'              shift, and go to state 23
    '-'              shift, and go to state 24
    '!'              shift, and go to state 25

    assignment_expression      go to state 124
    conditional_expression     go to state 37
    logical_OR_expression      go to state 38
    logical_AND_expression     go to state 39
    equality_expression        go to state 40
    relational_expression      go to state 41
    additive_expression        go to state 42
    multiplicative_expression  go to state 43
    unary_expression           go to state 44
    unary_operator             go to state 45
    postfix_expression         go to state 46
    primary_expression         go to state 47
    attribute                  go to state 48
    constant                   go to state 49


state 90

   56 unary_expression: unary_operator unary_expression .

    $default  reduce using rule 56 (unary_expression)


state 91

   62 postfix_expression: postfix_expression PIPE . pipe_property

    OUTCOMING_EDGES    shift, and go to state 125
    INCOMING_EDGES     shift, and go to state 126
    STARTING_VERTICES  shift, and go to state 127
    ENDING_VERTICES    shift, and go to state 128

    pipe_property  go to state 129


state 92

   66 postfix_expression: postfix_expression '(' . argument_expression_list ')'
   67                   | postfix_expression '(' . ')'

    IDENTIFIER       shift, and go to state 8
    NUMBER_CONSTANT  shift, and go to state 9
    STRING_LITERAL   shift, and go to state 10
    TRUE             shift, and go to state 11
    FALSE            shift, and go to state 12
    AT               shift, and go to state 13
    '('              shift, and go to state 22
    ')'              shift, and go to state 130
    '+'              shift, and go to state 23
    '-'              shift, and go to state 24
    '!'              shift, and go to state 25

    assignment_expression      go to state 131
    conditional_expression     go to state 37
    logical_OR_expression      go to state 38
    logical_AND_expression     go to state 39
    equality_expression        go to state 40
    relational_expression      go to state 41
    additive_expression        go to state 42
    multiplicative_expression  go to state 43
    unary_expression           go to state 44
    unary_operator             go to state 45
    postfix_expression         go to state 46
    primary_expression         go to state 47
    argument_expression_list   go to state 132
    attribute                  go to state 48
    constant                   go to state 49


state 93

   63 postfix_expression: postfix_expression '[' . conditional_expression ']'

    IDENTIFIER       shift, and go to state 8
    NUMBER_CONSTANT  shift, and go to state 9
    STRING_LITERAL   shift, and go to state 10
    TRUE             shift, and go to state 11
    FALSE            shift, and go to state 12
    AT               shift, and go to state 13
    '('              shift, and go to state 22
    '+'              shift, and go to state 23
    '-'              shift, and go to state 24
    '!'              shift, and go to state 25

    conditional_expression     go to state 133
    logical_OR_expression      go to state 38
    logical_AND_expression     go to state 39
    equality_expression        go to state 40
    relational_expression      go to state 41
    additive_expression        go to state 42
    multiplicative_expression  go to state 43
    unary_expression           go to state 112
    unary_operator             go to state 45
    postfix_expression         go to state 46
    primary_expression         go to state 47
    attribute                  go to state 48
    constant                   go to state 49


state 94

   64 postfix_expression: postfix_expression '.' . IDENTIFIER
   65                   | postfix_expression '.' . graph_property

    IDENTIFIER    shift, and go to state 134
    ALL_VERTICES  shift, and go to state 135
    ALL_EDGES     shift, and go to state 136

    graph_property  go to state 137


state 95

   61 postfix_expression: primary_expression ':' . primary_expression ARROW primary_expression

    IDENTIFIER       shift, and go to state 8
    NUMBER_CONSTANT  shift, and go to state 9
    STRING_LITERAL   shift, and go to state 10
    TRUE             shift, and go to state 11
    FALSE            shift, and go to state 12
    AT               shift, and go to state 13
    '('              shift, and go to state 22

    primary_expression  go to state 138
    attribute           go to state 48
    constant            go to state 49


state 96

  100 direct_declarator: IDENTIFIER .

    $default  reduce using rule 100 (direct_declarator)


state 97

  101 direct_declarator: '(' . declarator ')'

    IDENTIFIER  shift, and go to state 96
    '('         shift, and go to state 97

    declarator         go to state 139
    direct_declarator  go to state 101


state 98

   94 declaration: declaration_specifiers init_declarator_list . ';'
   96 init_declarator_list: init_declarator_list . ',' init_declarator

    ';'  shift, and go to state 140
    ','  shift, and go to state 141


state 99

   95 init_declarator_list: init_declarator .

    $default  reduce using rule 95 (init_declarator_list)


state 100

   85 function_definition: declaration_specifiers declarator . compound_statement
   97 init_declarator: declarator .
   98                | declarator . '=' initializer

    '{'  shift, and go to state 21
    '='  shift, and go to state 142

    $default  reduce using rule 97 (init_declarator)

    compound_statement  go to state 143


state 101

   99 declarator: direct_declarator .
  102 direct_declarator: direct_declarator . '(' parameter_type_list ')'
  103                  | direct_declarator . '(' ')'
  104                  | direct_declarator . '(' identifier_list ')'

    '('  shift, and go to state 144

    $default  reduce using rule 99 (declarator)


state 102

   17 selection_statement: IF '(' expression . ')' statement
   18                    | IF '(' expression . ')' statement ELSE statement
   27 expression: expression . ',' assignment_expression

    ')'  shift, and go to state 145
    ','  shift, and go to state 70


state 103

   20 iteration_statement: FOR '(' expression . ';' expression ';' expression ')' statement
   27 expression: expression . ',' assignment_expression

    ';'  shift, and go to state 146
    ','  shift, and go to state 70


state 104

   19 iteration_statement: WHILE '(' expression . ')' statement
   27 expression: expression . ',' assignment_expression

    ')'  shift, and go to state 147
    ','  shift, and go to state 70


state 105

   23 jump_statement: RETURN expression ';' .

    $default  reduce using rule 23 (jump_statement)


state 106

   16 compound_statement: '{' statement_list '}' .

    $default  reduce using rule 16 (compound_statement)


state 107

   14 statement_list: statement_list statement .

    $default  reduce using rule 14 (statement_list)


state 108

   97 init_declarator: declarator .
   98                | declarator . '=' initializer

    '='  shift, and go to state 142

    $default  reduce using rule 97 (init_declarator)


state 109

   72 primary_expression: '(' expression ')' .

    $default  reduce using rule 72 (primary_expression)


state 110

   27 expression: expression ',' assignment_expression .

    $default  reduce using rule 27 (expression)


state 111

   38 logical_OR_expression: logical_OR_expression OR logical_AND_expression .
   40 logical_AND_expression: logical_AND_expression . AND equality_expression

    AND  shift, and go to state 72

    $default  reduce using rule 38 (logical_OR_expression)


state 112

   52 multiplicative_expression: unary_expression .

    $default  reduce using rule 52 (multiplicative_expression)


state 113

   40 logical_AND_expression: logical_AND_expression AND equality_expression .
   42 equality_expression: equality_expression . EQ relational_expression
   43                    | equality_expression . NE relational_expression

    EQ  shift, and go to state 73
    NE  shift, and go to state 74

    $default  reduce using rule 40 (logical_AND_expression)


state 114

   42 equality_expression: equality_expression EQ relational_expression .
   45 relational_expression: relational_expression . LT additive_expression
   46                      | relational_expression . GT additive_expression
   47                      | relational_expression . LE additive_expression
   48                      | relational_expression . GE additive_expression

    GT  shift, and go to state 75
    LT  shift, and go to state 76
    GE  shift, and go to state 77
    LE  shift, and go to state 78

    $default  reduce using rule 42 (equality_expression)


state 115

   43 equality_expression: equality_expression NE relational_expression .
   45 relational_expression: relational_expression . LT additive_expression
   46                      | relational_expression . GT additive_expression
   47                      | relational_expression . LE additive_expression
   48                      | relational_expression . GE additive_expression

    GT  shift, and go to state 75
    LT  shift, and go to state 76
    GE  shift, and go to state 77
    LE  shift, and go to state 78

    $default  reduce using rule 43 (equality_expression)


state 116

   46 relational_expression: relational_expression GT additive_expression .
   50 additive_expression: additive_expression . '+' multiplicative_expression
   51                    | additive_expression . '-' multiplicative_expression

    '+'  shift, and go to state 79
    '-'  shift, and go to state 80

    $default  reduce using rule 46 (relational_expression)


state 117

   45 relational_expression: relational_expression LT additive_expression .
   50 additive_expression: additive_expression . '+' multiplicative_expression
   51                    | additive_expression . '-' multiplicative_expression

    '+'  shift, and go to state 79
    '-'  shift, and go to state 80

    $default  reduce using rule 45 (relational_expression)


state 118

   48 relational_expression: relational_expression GE additive_expression .
   50 additive_expression: additive_expression . '+' multiplicative_expression
   51                    | additive_expression . '-' multiplicative_expression

    '+'  shift, and go to state 79
    '-'  shift, and go to state 80

    $default  reduce using rule 48 (relational_expression)


state 119

   47 relational_expression: relational_expression LE additive_expression .
   50 additive_expression: additive_expression . '+' multiplicative_expression
   51                    | additive_expression . '-' multiplicative_expression

    '+'  shift, and go to state 79
    '-'  shift, and go to state 80

    $default  reduce using rule 47 (relational_expression)


state 120

   50 additive_expression: additive_expression '+' multiplicative_expression .
   53 multiplicative_expression: multiplicative_expression . '*' unary_expression
   54                          | multiplicative_expression . '/' unary_expression

    '*'  shift, and go to state 81
    '/'  shift, and go to state 82

    $default  reduce using rule 50 (additive_expression)


state 121

   51 additive_expression: additive_expression '-' multiplicative_expression .
   53 multiplicative_expression: multiplicative_expression . '*' unary_expression
   54                          | multiplicative_expression . '/' unary_expression

    '*'  shift, and go to state 81
    '/'  shift, and go to state 82

    $default  reduce using rule 51 (additive_expression)


state 122

   53 multiplicative_expression: multiplicative_expression '*' unary_expression .

    $default  reduce using rule 53 (multiplicative_expression)


state 123

   54 multiplicative_expression: multiplicative_expression '/' unary_expression .

    $default  reduce using rule 54 (multiplicative_expression)


state 124

   29 assignment_expression: unary_expression assignment_operator assignment_expression .

    $default  reduce using rule 29 (assignment_expression)


state 125

   75 pipe_property: OUTCOMING_EDGES .

    $default  reduce using rule 75 (pipe_property)


state 126

   76 pipe_property: INCOMING_EDGES .

    $default  reduce using rule 76 (pipe_property)


state 127

   77 pipe_property: STARTING_VERTICES .

    $default  reduce using rule 77 (pipe_property)


state 128

   78 pipe_property: ENDING_VERTICES .

    $default  reduce using rule 78 (pipe_property)


state 129

   62 postfix_expression: postfix_expression PIPE pipe_property .

    $default  reduce using rule 62 (postfix_expression)


state 130

   67 postfix_expression: postfix_expression '(' ')' .

    $default  reduce using rule 67 (postfix_expression)


state 131

   79 argument_expression_list: assignment_expression .

    $default  reduce using rule 79 (argument_expression_list)


state 132

   66 postfix_expression: postfix_expression '(' argument_expression_list . ')'
   80 argument_expression_list: argument_expression_list . ',' assignment_expression

    ')'  shift, and go to state 148
    ','  shift, and go to state 149


state 133

   63 postfix_expression: postfix_expression '[' conditional_expression . ']'

    ']'  shift, and go to state 150


state 134

   64 postfix_expression: postfix_expression '.' IDENTIFIER .

    $default  reduce using rule 64 (postfix_expression)


state 135

   73 graph_property: ALL_VERTICES .

    $default  reduce using rule 73 (graph_property)


state 136

   74 graph_property: ALL_EDGES .

    $default  reduce using rule 74 (graph_property)


state 137

   65 postfix_expression: postfix_expression '.' graph_property .

    $default  reduce using rule 65 (postfix_expression)


state 138

   61 postfix_expression: primary_expression ':' primary_expression . ARROW primary_expression

    ARROW  shift, and go to state 151


state 139

  101 direct_declarator: '(' declarator . ')'

    ')'  shift, and go to state 152


state 140

   94 declaration: declaration_specifiers init_declarator_list ';' .

    $default  reduce using rule 94 (declaration)


state 141

   96 init_declarator_list: init_declarator_list ',' . init_declarator

    IDENTIFIER  shift, and go to state 96
    '('         shift, and go to state 97

    init_declarator    go to state 153
    declarator         go to state 108
    direct_declarator  go to state 101


state 142

   98 init_declarator: declarator '=' . initializer

    IDENTIFIER       shift, and go to state 8
    NUMBER_CONSTANT  shift, and go to state 9
    STRING_LITERAL   shift, and go to state 10
    TRUE             shift, and go to state 11
    FALSE            shift, and go to state 12
    AT               shift, and go to state 13
    '{'              shift, and go to state 154
    '('              shift, and go to state 22
    '+'              shift, and go to state 23
    '-'              shift, and go to state 24
    '!'              shift, and go to state 25

    assignment_expression      go to state 155
    conditional_expression     go to state 37
    logical_OR_expression      go to state 38
    logical_AND_expression     go to state 39
    equality_expression        go to state 40
    relational_expression      go to state 41
    additive_expression        go to state 42
    multiplicative_expression  go to state 43
    unary_expression           go to state 44
    unary_operator             go to state 45
    postfix_expression         go to state 46
    primary_expression         go to state 47
    attribute                  go to state 48
    constant                   go to state 49
    initializer                go to state 156


state 143

   85 function_definition: declaration_specifiers declarator compound_statement .

    $default  reduce using rule 85 (function_definition)


state 144

  102 direct_declarator: direct_declarator '(' . parameter_type_list ')'
  103                  | direct_declarator '(' . ')'
  104                  | direct_declarator '(' . identifier_list ')'

    BOOLEAN     shift, and go to state 1
    NUMBER      shift, and go to state 2
    STRING      shift, and go to state 3
    LIST        shift, and go to state 4
    VERTEX      shift, and go to state 5
    EDGE        shift, and go to state 6
    GRAPH       shift, and go to state 7
    IDENTIFIER  shift, and go to state 157
    ')'         shift, and go to state 158

    type_specifier          go to state 51
    declaration_specifiers  go to state 159
    identifier_list         go to state 160
    parameter_type_list     go to state 161
    parameter_list          go to state 162
    parameter_declaration   go to state 163


state 145

   17 selection_statement: IF '(' expression ')' . statement
   18                    | IF '(' expression ')' . statement ELSE statement

    BOOLEAN          shift, and go to state 1
    NUMBER           shift, and go to state 2
    STRING           shift, and go to state 3
    LIST             shift, and go to state 4
    VERTEX           shift, and go to state 5
    EDGE             shift, and go to state 6
    GRAPH            shift, and go to state 7
    IDENTIFIER       shift, and go to state 8
    NUMBER_CONSTANT  shift, and go to state 9
    STRING_LITERAL   shift, and go to state 10
    TRUE             shift, and go to state 11
    FALSE            shift, and go to state 12
    AT               shift, and go to state 13
    IF               shift, and go to state 14
    FOR              shift, and go to state 15
    WHILE            shift, and go to state 16
    BREAK            shift, and go to state 17
    CONTINUE         shift, and go to state 18
    RETURN           shift, and go to state 19
    ';'              shift, and go to state 20
    '{'              shift, and go to state 21
    '('              shift, and go to state 22
    '+'              shift, and go to state 23
    '-'              shift, and go to state 24
    '!'              shift, and go to state 25

    statement                  go to state 164
    expression_statement       go to state 29
    compound_statement         go to state 30
    selection_statement        go to state 31
    iteration_statement        go to state 32
    jump_statement             go to state 33
    declaration_statement      go to state 34
    expression                 go to state 35
    assignment_expression      go to state 36
    conditional_expression     go to state 37
    logical_OR_expression      go to state 38
    logical_AND_expression     go to state 39
    equality_expression        go to state 40
    relational_expression      go to state 41
    additive_expression        go to state 42
    multiplicative_expression  go to state 43
    unary_expression           go to state 44
    unary_operator             go to state 45
    postfix_expression         go to state 46
    primary_expression         go to state 47
    attribute                  go to state 48
    constant                   go to state 49
    type_specifier             go to state 51
    declaration_specifiers     go to state 65
    declaration                go to state 53


state 146

   20 iteration_statement: FOR '(' expression ';' . expression ';' expression ')' statement

    IDENTIFIER       shift, and go to state 8
    NUMBER_CONSTANT  shift, and go to state 9
    STRING_LITERAL   shift, and go to state 10
    TRUE             shift, and go to state 11
    FALSE            shift, and go to state 12
    AT               shift, and go to state 13
    '('              shift, and go to state 22
    '+'              shift, and go to state 23
    '-'              shift, and go to state 24
    '!'              shift, and go to state 25

    expression                 go to state 165
    assignment_expression      go to state 36
    conditional_expression     go to state 37
    logical_OR_expression      go to state 38
    logical_AND_expression     go to state 39
    equality_expression        go to state 40
    relational_expression      go to state 41
    additive_expression        go to state 42
    multiplicative_expression  go to state 43
    unary_expression           go to state 44
    unary_operator             go to state 45
    postfix_expression         go to state 46
    primary_expression         go to state 47
    attribute                  go to state 48
    constant                   go to state 49


state 147

   19 iteration_statement: WHILE '(' expression ')' . statement

    BOOLEAN          shift, and go to state 1
    NUMBER           shift, and go to state 2
    STRING           shift, and go to state 3
    LIST             shift, and go to state 4
    VERTEX           shift, and go to state 5
    EDGE             shift, and go to state 6
    GRAPH            shift, and go to state 7
    IDENTIFIER       shift, and go to state 8
    NUMBER_CONSTANT  shift, and go to state 9
    STRING_LITERAL   shift, and go to state 10
    TRUE             shift, and go to state 11
    FALSE            shift, and go to state 12
    AT               shift, and go to state 13
    IF               shift, and go to state 14
    FOR              shift, and go to state 15
    WHILE            shift, and go to state 16
    BREAK            shift, and go to state 17
    CONTINUE         shift, and go to state 18
    RETURN           shift, and go to state 19
    ';'              shift, and go to state 20
    '{'              shift, and go to state 21
    '('              shift, and go to state 22
    '+'              shift, and go to state 23
    '-'              shift, and go to state 24
    '!'              shift, and go to state 25

    statement                  go to state 166
    expression_statement       go to state 29
    compound_statement         go to state 30
    selection_statement        go to state 31
    iteration_statement        go to state 32
    jump_statement             go to state 33
    declaration_statement      go to state 34
    expression                 go to state 35
    assignment_expression      go to state 36
    conditional_expression     go to state 37
    logical_OR_expression      go to state 38
    logical_AND_expression     go to state 39
    equality_expression        go to state 40
    relational_expression      go to state 41
    additive_expression        go to state 42
    multiplicative_expression  go to state 43
    unary_expression           go to state 44
    unary_operator             go to state 45
    postfix_expression         go to state 46
    primary_expression         go to state 47
    attribute                  go to state 48
    constant                   go to state 49
    type_specifier             go to state 51
    declaration_specifiers     go to state 65
    declaration                go to state 53


state 148

   66 postfix_expression: postfix_expression '(' argument_expression_list ')' .

    $default  reduce using rule 66 (postfix_expression)


state 149

   80 argument_expression_list: argument_expression_list ',' . assignment_expression

    IDENTIFIER       shift, and go to state 8
    NUMBER_CONSTANT  shift, and go to state 9
    STRING_LITERAL   shift, and go to state 10
    TRUE             shift, and go to state 11
    FALSE            shift, and go to state 12
    AT               shift, and go to state 13
    '('              shift, and go to state 22
    '+'              shift, and go to state 23
    '-'              shift, and go to state 24
    '!'              shift, and go to state 25

    assignment_expression      go to state 167
    conditional_expression     go to state 37
    logical_OR_expression      go to state 38
    logical_AND_expression     go to state 39
    equality_expression        go to state 40
    relational_expression      go to state 41
    additive_expression        go to state 42
    multiplicative_expression  go to state 43
    unary_expression           go to state 44
    unary_operator             go to state 45
    postfix_expression         go to state 46
    primary_expression         go to state 47
    attribute                  go to state 48
    constant                   go to state 49


state 150

   63 postfix_expression: postfix_expression '[' conditional_expression ']' .

    $default  reduce using rule 63 (postfix_expression)


state 151

   61 postfix_expression: primary_expression ':' primary_expression ARROW . primary_expression

    IDENTIFIER       shift, and go to state 8
    NUMBER_CONSTANT  shift, and go to state 9
    STRING_LITERAL   shift, and go to state 10
    TRUE             shift, and go to state 11
    FALSE            shift, and go to state 12
    AT               shift, and go to state 13
    '('              shift, and go to state 22

    primary_expression  go to state 168
    attribute           go to state 48
    constant            go to state 49


state 152

  101 direct_declarator: '(' declarator ')' .

    $default  reduce using rule 101 (direct_declarator)


state 153

   96 init_declarator_list: init_declarator_list ',' init_declarator .

    $default  reduce using rule 96 (init_declarator_list)


state 154

  113 initializer: '{' . initializer_list '}'
  114            | '{' . initializer_list ',' '}'

    IDENTIFIER       shift, and go to state 8
    NUMBER_CONSTANT  shift, and go to state 9
    STRING_LITERAL   shift, and go to state 10
    TRUE             shift, and go to state 11
    FALSE            shift, and go to state 12
    AT               shift, and go to state 13
    '{'              shift, and go to state 154
    '('              shift, and go to state 22
    '+'              shift, and go to state 23
    '-'              shift, and go to state 24
    '!'              shift, and go to state 25

    assignment_expression      go to state 155
    conditional_expression     go to state 37
    logical_OR_expression      go to state 38
    logical_AND_expression     go to state 39
    equality_expression        go to state 40
    relational_expression      go to state 41
    additive_expression        go to state 42
    multiplicative_expression  go to state 43
    unary_expression           go to state 44
    unary_operator             go to state 45
    postfix_expression         go to state 46
    primary_expression         go to state 47
    attribute                  go to state 48
    constant                   go to state 49
    initializer                go to state 169
    initializer_list           go to state 170


state 155

  112 initializer: assignment_expression .

    $default  reduce using rule 112 (initializer)


state 156

   98 init_declarator: declarator '=' initializer .

    $default  reduce using rule 98 (init_declarator)


state 157

  105 identifier_list: IDENTIFIER .

    $default  reduce using rule 105 (identifier_list)


state 158

  103 direct_declarator: direct_declarator '(' ')' .

    $default  reduce using rule 103 (direct_declarator)


state 159

  111 parameter_declaration: declaration_specifiers . declarator

    IDENTIFIER  shift, and go to state 96
    '('         shift, and go to state 97

    declarator         go to state 171
    direct_declarator  go to state 101


state 160

  104 direct_declarator: direct_declarator '(' identifier_list . ')'
  106 identifier_list: identifier_list . ',' IDENTIFIER

    ')'  shift, and go to state 172
    ','  shift, and go to state 173


state 161

  102 direct_declarator: direct_declarator '(' parameter_type_list . ')'

    ')'  shift, and go to state 174


state 162

  107 parameter_type_list: parameter_list .
  108                    | parameter_list . ',' ELLIPSIS
  110 parameter_list: parameter_list . ',' parameter_declaration

    ','  shift, and go to state 175

    $default  reduce using rule 107 (parameter_type_list)


state 163

  109 parameter_list: parameter_declaration .

    $default  reduce using rule 109 (parameter_list)


state 164

   17 selection_statement: IF '(' expression ')' statement .
   18                    | IF '(' expression ')' statement . ELSE statement

    ELSE  shift, and go to state 176

    $default  reduce using rule 17 (selection_statement)


state 165

   20 iteration_statement: FOR '(' expression ';' expression . ';' expression ')' statement
   27 expression: expression . ',' assignment_expression

    ';'  shift, and go to state 177
    ','  shift, and go to state 70


state 166

   19 iteration_statement: WHILE '(' expression ')' statement .

    $default  reduce using rule 19 (iteration_statement)


state 167

   80 argument_expression_list: argument_expression_list ',' assignment_expression .

    $default  reduce using rule 80 (argument_expression_list)


state 168

   61 postfix_expression: primary_expression ':' primary_expression ARROW primary_expression .

    $default  reduce using rule 61 (postfix_expression)


state 169

  115 initializer_list: initializer .

    $default  reduce using rule 115 (initializer_list)


state 170

  113 initializer: '{' initializer_list . '}'
  114            | '{' initializer_list . ',' '}'
  116 initializer_list: initializer_list . ',' initializer

    '}'  shift, and go to state 178
    ','  shift, and go to state 179


state 171

  111 parameter_declaration: declaration_specifiers declarator .

    $default  reduce using rule 111 (parameter_declaration)


state 172

  104 direct_declarator: direct_declarator '(' identifier_list ')' .

    $default  reduce using rule 104 (direct_declarator)


state 173

  106 identifier_list: identifier_list ',' . IDENTIFIER

    IDENTIFIER  shift, and go to state 180


state 174

  102 direct_declarator: direct_declarator '(' parameter_type_list ')' .

    $default  reduce using rule 102 (direct_declarator)


state 175

  108 parameter_type_list: parameter_list ',' . ELLIPSIS
  110 parameter_list: parameter_list ',' . parameter_declaration

    BOOLEAN   shift, and go to state 1
    NUMBER    shift, and go to state 2
    STRING    shift, and go to state 3
    LIST      shift, and go to state 4
    VERTEX    shift, and go to state 5
    EDGE      shift, and go to state 6
    GRAPH     shift, and go to state 7
    ELLIPSIS  shift, and go to state 181

    type_specifier          go to state 51
    declaration_specifiers  go to state 159
    parameter_declaration   go to state 182


state 176

   18 selection_statement: IF '(' expression ')' statement ELSE . statement

    BOOLEAN          shift, and go to state 1
    NUMBER           shift, and go to state 2
    STRING           shift, and go to state 3
    LIST             shift, and go to state 4
    VERTEX           shift, and go to state 5
    EDGE             shift, and go to state 6
    GRAPH            shift, and go to state 7
    IDENTIFIER       shift, and go to state 8
    NUMBER_CONSTANT  shift, and go to state 9
    STRING_LITERAL   shift, and go to state 10
    TRUE             shift, and go to state 11
    FALSE            shift, and go to state 12
    AT               shift, and go to state 13
    IF               shift, and go to state 14
    FOR              shift, and go to state 15
    WHILE            shift, and go to state 16
    BREAK            shift, and go to state 17
    CONTINUE         shift, and go to state 18
    RETURN           shift, and go to state 19
    ';'              shift, and go to state 20
    '{'              shift, and go to state 21
    '('              shift, and go to state 22
    '+'              shift, and go to state 23
    '-'              shift, and go to state 24
    '!'              shift, and go to state 25

    statement                  go to state 183
    expression_statement       go to state 29
    compound_statement         go to state 30
    selection_statement        go to state 31
    iteration_statement        go to state 32
    jump_statement             go to state 33
    declaration_statement      go to state 34
    expression                 go to state 35
    assignment_expression      go to state 36
    conditional_expression     go to state 37
    logical_OR_expression      go to state 38
    logical_AND_expression     go to state 39
    equality_expression        go to state 40
    relational_expression      go to state 41
    additive_expression        go to state 42
    multiplicative_expression  go to state 43
    unary_expression           go to state 44
    unary_operator             go to state 45
    postfix_expression         go to state 46
    primary_expression         go to state 47
    attribute                  go to state 48
    constant                   go to state 49
    type_specifier             go to state 51
    declaration_specifiers     go to state 65
    declaration                go to state 53


state 177

   20 iteration_statement: FOR '(' expression ';' expression ';' . expression ')' statement

    IDENTIFIER       shift, and go to state 8
    NUMBER_CONSTANT  shift, and go to state 9
    STRING_LITERAL   shift, and go to state 10
    TRUE             shift, and go to state 11
    FALSE            shift, and go to state 12
    AT               shift, and go to state 13
    '('              shift, and go to state 22
    '+'              shift, and go to state 23
    '-'              shift, and go to state 24
    '!'              shift, and go to state 25

    expression                 go to state 184
    assignment_expression      go to state 36
    conditional_expression     go to state 37
    logical_OR_expression      go to state 38
    logical_AND_expression     go to state 39
    equality_expression        go to state 40
    relational_expression      go to state 41
    additive_expression        go to state 42
    multiplicative_expression  go to state 43
    unary_expression           go to state 44
    unary_operator             go to state 45
    postfix_expression         go to state 46
    primary_expression         go to state 47
    attribute                  go to state 48
    constant                   go to state 49


state 178

  113 initializer: '{' initializer_list '}' .

    $default  reduce using rule 113 (initializer)


state 179

  114 initializer: '{' initializer_list ',' . '}'
  116 initializer_list: initializer_list ',' . initializer

    IDENTIFIER       shift, and go to state 8
    NUMBER_CONSTANT  shift, and go to state 9
    STRING_LITERAL   shift, and go to state 10
    TRUE             shift, and go to state 11
    FALSE            shift, and go to state 12
    AT               shift, and go to state 13
    '{'              shift, and go to state 154
    '}'              shift, and go to state 185
    '('              shift, and go to state 22
    '+'              shift, and go to state 23
    '-'              shift, and go to state 24
    '!'              shift, and go to state 25

    assignment_expression      go to state 155
    conditional_expression     go to state 37
    logical_OR_expression      go to state 38
    logical_AND_expression     go to state 39
    equality_expression        go to state 40
    relational_expression      go to state 41
    additive_expression        go to state 42
    multiplicative_expression  go to state 43
    unary_expression           go to state 44
    unary_operator             go to state 45
    postfix_expression         go to state 46
    primary_expression         go to state 47
    attribute                  go to state 48
    constant                   go to state 49
    initializer                go to state 186


state 180

  106 identifier_list: identifier_list ',' IDENTIFIER .

    $default  reduce using rule 106 (identifier_list)


state 181

  108 parameter_type_list: parameter_list ',' ELLIPSIS .

    $default  reduce using rule 108 (parameter_type_list)


state 182

  110 parameter_list: parameter_list ',' parameter_declaration .

    $default  reduce using rule 110 (parameter_list)


state 183

   18 selection_statement: IF '(' expression ')' statement ELSE statement .

    $default  reduce using rule 18 (selection_statement)


state 184

   20 iteration_statement: FOR '(' expression ';' expression ';' expression . ')' statement
   27 expression: expression . ',' assignment_expression

    ')'  shift, and go to state 187
    ','  shift, and go to state 70


state 185

  114 initializer: '{' initializer_list ',' '}' .

    $default  reduce using rule 114 (initializer)


state 186

  116 initializer_list: initializer_list ',' initializer .

    $default  reduce using rule 116 (initializer_list)


state 187

   20 iteration_statement: FOR '(' expression ';' expression ';' expression ')' . statement

    BOOLEAN          shift, and go to state 1
    NUMBER           shift, and go to state 2
    STRING           shift, and go to state 3
    LIST             shift, and go to state 4
    VERTEX           shift, and go to state 5
    EDGE             shift, and go to state 6
    GRAPH            shift, and go to state 7
    IDENTIFIER       shift, and go to state 8
    NUMBER_CONSTANT  shift, and go to state 9
    STRING_LITERAL   shift, and go to state 10
    TRUE             shift, and go to state 11
    FALSE            shift, and go to state 12
    AT               shift, and go to state 13
    IF               shift, and go to state 14
    FOR              shift, and go to state 15
    WHILE            shift, and go to state 16
    BREAK            shift, and go to state 17
    CONTINUE         shift, and go to state 18
    RETURN           shift, and go to state 19
    ';'              shift, and go to state 20
    '{'              shift, and go to state 21
    '('              shift, and go to state 22
    '+'              shift, and go to state 23
    '-'              shift, and go to state 24
    '!'              shift, and go to state 25

    statement                  go to state 188
    expression_statement       go to state 29
    compound_statement         go to state 30
    selection_statement        go to state 31
    iteration_statement        go to state 32
    jump_statement             go to state 33
    declaration_statement      go to state 34
    expression                 go to state 35
    assignment_expression      go to state 36
    conditional_expression     go to state 37
    logical_OR_expression      go to state 38
    logical_AND_expression     go to state 39
    equality_expression        go to state 40
    relational_expression      go to state 41
    additive_expression        go to state 42
    multiplicative_expression  go to state 43
    unary_expression           go to state 44
    unary_operator             go to state 45
    postfix_expression         go to state 46
    primary_expression         go to state 47
    attribute                  go to state 48
    constant                   go to state 49
    type_specifier             go to state 51
    declaration_specifiers     go to state 65
    declaration                go to state 53


state 188

   20 iteration_statement: FOR '(' expression ';' expression ';' expression ')' statement .

    $default  reduce using rule 20 (iteration_statement)
